kotlin version: 2.3.0
error message: Incremental compilation failed: Failed to close caches
org.jetbrains.kotlin.incremental.CachesManagerCloseException: Failed to close caches
	at org.jetbrains.kotlin.incremental.BaseCompilationTransaction.closeCachesManager(CompilationTransaction.kt:126)
	at org.jetbrains.kotlin.incremental.RecoverableCompilationTransaction.close(CompilationTransaction.kt:251)
	at org.jetbrains.kotlin.incremental.IncrementalCompilerRunner.tryCompileIncrementally(IncrementalCompilerRunner.kt:712)
	at org.jetbrains.kotlin.incremental.IncrementalCompilerRunner.compile(IncrementalCompilerRunner.kt:119)
	at org.jetbrains.kotlin.daemon.CompileServiceImplBase.execIncrementalCompiler(CompileServiceImpl.kt:684)
	at org.jetbrains.kotlin.daemon.CompileServiceImplBase.access$execIncrementalCompiler(CompileServiceImpl.kt:94)
	at org.jetbrains.kotlin.daemon.CompileServiceImpl.compile(CompileServiceImpl.kt:1810)
	at java.base/jdk.internal.reflect.DirectMethodHandleAccessor.invoke(Unknown Source)
	at java.base/java.lang.reflect.Method.invoke(Unknown Source)
	at java.rmi/sun.rmi.server.UnicastServerRef.dispatch(Unknown Source)
	at java.rmi/sun.rmi.transport.Transport$1.run(Unknown Source)
	at java.rmi/sun.rmi.transport.Transport$1.run(Unknown Source)
	at java.base/java.security.AccessController.doPrivileged(Unknown Source)
	at java.rmi/sun.rmi.transport.Transport.serviceCall(Unknown Source)
	at java.rmi/sun.rmi.transport.tcp.TCPTransport.handleMessages(Unknown Source)
	at java.rmi/sun.rmi.transport.tcp.TCPTransport$ConnectionHandler.run0(Unknown Source)
	at java.rmi/sun.rmi.transport.tcp.TCPTransport$ConnectionHandler.lambda$run$0(Unknown Source)
	at java.base/java.security.AccessController.doPrivileged(Unknown Source)
	at java.rmi/sun.rmi.transport.tcp.TCPTransport$ConnectionHandler.run(Unknown Source)
	at java.base/java.util.concurrent.ThreadPoolExecutor.runWorker(Unknown Source)
	at java.base/java.util.concurrent.ThreadPoolExecutor$Worker.run(Unknown Source)
	at java.base/java.lang.Thread.run(Unknown Source)
	Suppressed: java.nio.file.FileSystemException: /var/folders/3d/1hjccp7x6h32x4lq_489n29r0000gn/T/kotlin-backups7151595310272630218/6.backup -> /Users/asywalulfikri/Documents/bussines/sdk/ZaifSDK/app/build/tmp/kotlin-classes/debug/recording/host/DemungFragment$special$$inlined$activityViewModels$default$6.class: No space left on device
		at java.base/sun.nio.fs.UnixException.translateToIOException(Unknown Source)
		at java.base/sun.nio.fs.UnixException.rethrowAsIOException(Unknown Source)
		at java.base/sun.nio.fs.UnixFileSystem.move(Unknown Source)
		at java.base/sun.nio.fs.UnixFileSystemProvider.move(Unknown Source)
		at java.base/java.nio.file.Files.move(Unknown Source)
		at org.jetbrains.kotlin.incremental.RecoverableCompilationTransaction.revertChanges(CompilationTransaction.kt:231)
		at org.jetbrains.kotlin.incremental.RecoverableCompilationTransaction.close(CompilationTransaction.kt:256)
		... 20 more
Caused by: java.lang.AssertionError: java.lang.Exception: Could not close incremental caches in /Users/asywalulfikri/Documents/bussines/sdk/ZaifSDK/app/build/kotlin/compileDebugKotlin/cacheable/caches-jvm/lookups: lookups.tab
	at org.jetbrains.kotlin.com.google.common.io.Closer.close(Closer.java:218)
	at org.jetbrains.kotlin.incremental.IncrementalCachesManager.close(IncrementalCachesManager.kt:57)
	at org.jetbrains.kotlin.incremental.BaseCompilationTransaction.closeCachesManager(CompilationTransaction.kt:123)
	... 21 more
Caused by: java.lang.Exception: Could not close incremental caches in /Users/asywalulfikri/Documents/bussines/sdk/ZaifSDK/app/build/kotlin/compileDebugKotlin/cacheable/caches-jvm/lookups: lookups.tab
	at org.jetbrains.kotlin.incremental.storage.BasicMapsOwner.forEachMapSafe(BasicMapsOwner.kt:95)
	at org.jetbrains.kotlin.incremental.storage.BasicMapsOwner.close(BasicMapsOwner.kt:53)
	at org.jetbrains.kotlin.incremental.LookupStorage.close(LookupStorage.kt:155)
	at org.jetbrains.kotlin.com.google.common.io.Closer.close(Closer.java:205)
	... 23 more
	Suppressed: java.lang.RuntimeException: java.io.IOException: No space left on device
		at org.jetbrains.kotlin.com.intellij.util.io.CompressedAppendableFile.saveIncompleteChunk(CompressedAppendableFile.java:408)
		at org.jetbrains.kotlin.com.intellij.util.io.CompressedAppendableFile.force(CompressedAppendableFile.java:419)
		at org.jetbrains.kotlin.com.intellij.util.io.PersistentHashMapValueStorage$MyCompressedAppendableFile.force(PersistentHashMapValueStorage.java:940)
		at org.jetbrains.kotlin.com.intellij.util.io.CompressedAppendableFile.dispose(CompressedAppendableFile.java:423)
		at org.jetbrains.kotlin.com.intellij.util.io.PersistentHashMapValueStorage$MyCompressedAppendableFile.dispose(PersistentHashMapValueStorage.java:946)
		at org.jetbrains.kotlin.com.intellij.util.io.PersistentHashMapValueStorage.dispose(PersistentHashMapValueStorage.java:745)
		at org.jetbrains.kotlin.com.intellij.util.io.PersistentMapImpl.doClose(PersistentMapImpl.java:891)
		at org.jetbrains.kotlin.com.intellij.util.io.PersistentMapImpl.close(PersistentMapImpl.java:863)
		at org.jetbrains.kotlin.com.intellij.util.io.PersistentMapImpl.close(PersistentMapImpl.java:840)
		at org.jetbrains.kotlin.com.intellij.util.io.PersistentHashMap.close(PersistentHashMap.java:234)
		at org.jetbrains.kotlin.incremental.storage.LazyStorage.close(LazyStorage.kt:96)
		at org.jetbrains.kotlin.incremental.storage.InMemoryStorage.close(InMemoryStorage.kt:137)
		at org.jetbrains.kotlin.incremental.storage.AppendableSetBasicMap.close(BasicMap.kt:157)
		at org.jetbrains.kotlin.incremental.storage.BasicMapsOwner$close$1.invoke(BasicMapsOwner.kt:53)
		at org.jetbrains.kotlin.incremental.storage.BasicMapsOwner$close$1.invoke(BasicMapsOwner.kt:53)
		at org.jetbrains.kotlin.incremental.storage.BasicMapsOwner.forEachMapSafe(BasicMapsOwner.kt:87)
		... 26 more
	Caused by: java.io.IOException: No space left on device
		at java.base/sun.nio.ch.UnixFileDispatcherImpl.write0(Native Method)
		at java.base/sun.nio.ch.UnixFileDispatcherImpl.write(Unknown Source)
		at java.base/sun.nio.ch.IOUtil.writeFromNativeBuffer(Unknown Source)
		at java.base/sun.nio.ch.IOUtil.write(Unknown Source)
		at java.base/sun.nio.ch.IOUtil.write(Unknown Source)
		at java.base/sun.nio.ch.FileChannelImpl.write(Unknown Source)
		at java.base/sun.nio.ch.ChannelOutputStream.writeFully(Unknown Source)
		at java.base/sun.nio.ch.ChannelOutputStream.write(Unknown Source)
		at java.base/java.io.BufferedOutputStream.implWrite(Unknown Source)
		at java.base/java.io.BufferedOutputStream.write(Unknown Source)
		at org.jetbrains.kotlin.com.intellij.util.io.CompressedAppendableFile.saveIncompleteChunk(CompressedAppendableFile.java:388)
		... 41 more


